

CmdLine:	D:\Project\Android\AdbUtility\EXPORT\AdbUtility.exe --l4j-debug
WOW64:		no
Check launcher:	 (n/a)
64-bit search:	SOFTWARE\JavaSoft\Java Runtime Environment...
32-bit search:	SOFTWARE\JavaSoft\Java Runtime Environment...
Ignore:		SOFTWARE\JavaSoft\Java Runtime Environment\1.6
Ignore:		SOFTWARE\JavaSoft\Java Runtime Environment\1.6.0_26
64-bit search:	SOFTWARE\JavaSoft\Java Development Kit...
32-bit search:	SOFTWARE\JavaSoft\Java Development Kit...
Ignore:		SOFTWARE\JavaSoft\Java Development Kit\1.6
Ignore:		SOFTWARE\JavaSoft\Java Development Kit\1.6.0_26
64-bit search:	SOFTWARE\IBM\Java2 Runtime Environment...
32-bit search:	SOFTWARE\IBM\Java2 Runtime Environment...
64-bit search:	SOFTWARE\IBM\Java Development Kit...
32-bit search:	SOFTWARE\IBM\Java Development Kit...
Open URL:	http://java.com/download


CmdLine:	D:\Project\Android\AdbUtility\EXPORT\AdbUtility.exe --l4j-debug
WOW64:		no
Check launcher:	 (n/a)
64-bit search:	SOFTWARE\JavaSoft\Java Runtime Environment...
32-bit search:	SOFTWARE\JavaSoft\Java Runtime Environment...
Ignore:		SOFTWARE\JavaSoft\Java Runtime Environment\1.6
Ignore:		SOFTWARE\JavaSoft\Java Runtime Environment\1.6.0_26
64-bit search:	SOFTWARE\JavaSoft\Java Development Kit...
32-bit search:	SOFTWARE\JavaSoft\Java Development Kit...
Ignore:		SOFTWARE\JavaSoft\Java Development Kit\1.6
Ignore:		SOFTWARE\JavaSoft\Java Development Kit\1.6.0_26
64-bit search:	SOFTWARE\IBM\Java2 Runtime Environment...
32-bit search:	SOFTWARE\IBM\Java2 Runtime Environment...
64-bit search:	SOFTWARE\IBM\Java Development Kit...
32-bit search:	SOFTWARE\IBM\Java Development Kit...
Open URL:	http://java.com/download
